Started GET "/authorize" for ::1 at 2022-10-08 11:09:11 +1100
  [1m[36mActiveRecord::SchemaMigration Pluck (0.5ms)[0m  [1m[34mSELECT "schema_migrations"."version" FROM "schema_migrations" ORDER BY "schema_migrations"."version" ASC[0m
Processing by OauthController#authorize as */*
  [1m[36mTRANSACTION (0.1ms)[0m  [1m[35mBEGIN[0m
  ↳ app/controllers/oauth_controller.rb:20:in `authorize'
  [1m[36mAuthorizationRequest Exists? (0.9ms)[0m  [1m[34mSELECT 1 AS one FROM "authorization_requests" WHERE "authorization_requests"."state" = $1 LIMIT $2[0m  [["state", "474413e5a64be4d0"], ["LIMIT", 1]]
  ↳ app/controllers/oauth_controller.rb:20:in `authorize'
  [1m[36mAuthorizationRequest Create (0.6ms)[0m  [1m[32mINSERT INTO "authorization_requests" ("state", "response_type", "redirect_uri", "created_at", "updated_at") VALUES ($1, $2, $3, $4, $5) RETURNING "id"[0m  [["state", "474413e5a64be4d0"], ["response_type", "code"], ["redirect_uri", "http://localhost:4000/callback"], ["created_at", "2022-10-08 00:09:11.947182"], ["updated_at", "2022-10-08 00:09:11.947182"]]
  ↳ app/controllers/oauth_controller.rb:20:in `authorize'
  [1m[36mTRANSACTION (0.9ms)[0m  [1m[35mCOMMIT[0m
  ↳ app/controllers/oauth_controller.rb:20:in `authorize'
Redirected to http://localhost:4003/authorize?state=474413e5a64be4d0&response_type=code&client_id=oauth-client-1&redirect_uri=http%3A%2F%2Flocalhost%3A4000%2Fcallback
Completed 302 Found in 13ms (ActiveRecord: 5.9ms | Allocations: 12919)


Started GET "/authorize" for ::1 at 2022-10-08 11:09:58 +1100
Processing by OauthController#authorize as */*
  [1m[36mTRANSACTION (0.2ms)[0m  [1m[35mBEGIN[0m
  ↳ app/controllers/oauth_controller.rb:20:in `authorize'
  [1m[36mAuthorizationRequest Exists? (1.0ms)[0m  [1m[34mSELECT 1 AS one FROM "authorization_requests" WHERE "authorization_requests"."state" = $1 LIMIT $2[0m  [["state", "947f70cd7317b6a0"], ["LIMIT", 1]]
  ↳ app/controllers/oauth_controller.rb:20:in `authorize'
  [1m[36mAuthorizationRequest Create (0.4ms)[0m  [1m[32mINSERT INTO "authorization_requests" ("state", "response_type", "redirect_uri", "created_at", "updated_at") VALUES ($1, $2, $3, $4, $5) RETURNING "id"[0m  [["state", "947f70cd7317b6a0"], ["response_type", "code"], ["redirect_uri", "http://localhost:4000/callback"], ["created_at", "2022-10-08 00:09:58.648536"], ["updated_at", "2022-10-08 00:09:58.648536"]]
  ↳ app/controllers/oauth_controller.rb:20:in `authorize'
  [1m[36mTRANSACTION (1.2ms)[0m  [1m[35mCOMMIT[0m
  ↳ app/controllers/oauth_controller.rb:20:in `authorize'
Redirected to http://localhost:4003/authorize?state=947f70cd7317b6a0&response_type=code&client_id=oauth-client-1&redirect_uri=http%3A%2F%2Flocalhost%3A4000%2Fcallback
Completed 302 Found in 11ms (ActiveRecord: 2.8ms | Allocations: 2918)


Started GET "/authorize" for ::1 at 2022-10-08 11:10:29 +1100
Processing by OauthController#authorize as */*
  [1m[36mTRANSACTION (0.1ms)[0m  [1m[35mBEGIN[0m
  ↳ app/controllers/oauth_controller.rb:20:in `authorize'
  [1m[36mAuthorizationRequest Exists? (0.8ms)[0m  [1m[34mSELECT 1 AS one FROM "authorization_requests" WHERE "authorization_requests"."state" = $1 LIMIT $2[0m  [["state", "f52c196f608b666f"], ["LIMIT", 1]]
  ↳ app/controllers/oauth_controller.rb:20:in `authorize'
  [1m[36mAuthorizationRequest Create (1.0ms)[0m  [1m[32mINSERT INTO "authorization_requests" ("state", "response_type", "redirect_uri", "created_at", "updated_at") VALUES ($1, $2, $3, $4, $5) RETURNING "id"[0m  [["state", "f52c196f608b666f"], ["response_type", "code"], ["redirect_uri", "http://localhost:4000/callback"], ["created_at", "2022-10-08 00:10:29.556381"], ["updated_at", "2022-10-08 00:10:29.556381"]]
  ↳ app/controllers/oauth_controller.rb:20:in `authorize'
  [1m[36mTRANSACTION (1.5ms)[0m  [1m[35mCOMMIT[0m
  ↳ app/controllers/oauth_controller.rb:20:in `authorize'
Redirected to http://localhost:4003/authorize?state=f52c196f608b666f&response_type=code&client_id=oauth-client-1&redirect_uri=http%3A%2F%2Flocalhost%3A4000%2Fcallback
Completed 302 Found in 17ms (ActiveRecord: 3.4ms | Allocations: 2815)


Started GET "/authorize" for ::1 at 2022-10-08 11:15:03 +1100
Processing by OauthController#authorize as */*
  [1m[36mTRANSACTION (0.1ms)[0m  [1m[35mBEGIN[0m
  ↳ app/controllers/oauth_controller.rb:20:in `authorize'
  [1m[36mAuthorizationRequest Exists? (0.2ms)[0m  [1m[34mSELECT 1 AS one FROM "authorization_requests" WHERE "authorization_requests"."state" = $1 LIMIT $2[0m  [["state", "9035fd5ab0df74ec"], ["LIMIT", 1]]
  ↳ app/controllers/oauth_controller.rb:20:in `authorize'
  [1m[36mAuthorizationRequest Create (0.2ms)[0m  [1m[32mINSERT INTO "authorization_requests" ("state", "response_type", "redirect_uri", "created_at", "updated_at") VALUES ($1, $2, $3, $4, $5) RETURNING "id"[0m  [["state", "9035fd5ab0df74ec"], ["response_type", "code"], ["redirect_uri", "http://localhost:4000/callback"], ["created_at", "2022-10-08 00:15:03.516432"], ["updated_at", "2022-10-08 00:15:03.516432"]]
  ↳ app/controllers/oauth_controller.rb:20:in `authorize'
  [1m[36mTRANSACTION (0.6ms)[0m  [1m[35mCOMMIT[0m
  ↳ app/controllers/oauth_controller.rb:20:in `authorize'
Redirected to http://localhost:4003/authorize?state=9035fd5ab0df74ec&response_type=code&client_id=oauth-client-1&redirect_uri=http%3A%2F%2Flocalhost%3A4000%2Fcallback
Completed 302 Found in 9ms (ActiveRecord: 4.4ms | Allocations: 6210)


Started GET "/authorize" for ::1 at 2022-10-08 11:18:45 +1100
Processing by OauthController#authorize as */*
  [1m[36mTRANSACTION (0.1ms)[0m  [1m[35mBEGIN[0m
  ↳ app/controllers/oauth_controller.rb:20:in `authorize'
  [1m[36mAuthorizationRequest Exists? (0.3ms)[0m  [1m[34mSELECT 1 AS one FROM "authorization_requests" WHERE "authorization_requests"."state" = $1 LIMIT $2[0m  [["state", "92535d2afce893e7"], ["LIMIT", 1]]
  ↳ app/controllers/oauth_controller.rb:20:in `authorize'
  [1m[36mAuthorizationRequest Create (1.0ms)[0m  [1m[32mINSERT INTO "authorization_requests" ("state", "response_type", "redirect_uri", "created_at", "updated_at") VALUES ($1, $2, $3, $4, $5) RETURNING "id"[0m  [["state", "92535d2afce893e7"], ["response_type", "code"], ["redirect_uri", "http://localhost:4000/callback"], ["created_at", "2022-10-08 00:18:45.608599"], ["updated_at", "2022-10-08 00:18:45.608599"]]
  ↳ app/controllers/oauth_controller.rb:20:in `authorize'
  [1m[36mTRANSACTION (0.3ms)[0m  [1m[35mCOMMIT[0m
  ↳ app/controllers/oauth_controller.rb:20:in `authorize'
Redirected to http://localhost:4003/authorize?state=92535d2afce893e7&response_type=code&client_id=oauth-client-1&redirect_uri=http%3A%2F%2Flocalhost%3A4000%2Fcallback
Completed 302 Found in 11ms (ActiveRecord: 6.8ms | Allocations: 6178)


Started GET "/authorize" for ::1 at 2022-10-08 11:20:52 +1100
Processing by OauthController#authorize as */*
  [1m[36mTRANSACTION (0.2ms)[0m  [1m[35mBEGIN[0m
  ↳ app/controllers/oauth_controller.rb:20:in `authorize'
  [1m[36mAuthorizationRequest Exists? (1.0ms)[0m  [1m[34mSELECT 1 AS one FROM "authorization_requests" WHERE "authorization_requests"."state" = $1 LIMIT $2[0m  [["state", "375e4236626191aa"], ["LIMIT", 1]]
  ↳ app/controllers/oauth_controller.rb:20:in `authorize'
  [1m[36mAuthorizationRequest Create (0.7ms)[0m  [1m[32mINSERT INTO "authorization_requests" ("state", "response_type", "redirect_uri", "created_at", "updated_at") VALUES ($1, $2, $3, $4, $5) RETURNING "id"[0m  [["state", "375e4236626191aa"], ["response_type", "code"], ["redirect_uri", "http://localhost:4000/callback"], ["created_at", "2022-10-08 00:20:52.845053"], ["updated_at", "2022-10-08 00:20:52.845053"]]
  ↳ app/controllers/oauth_controller.rb:20:in `authorize'
  [1m[36mTRANSACTION (3.0ms)[0m  [1m[35mCOMMIT[0m
  ↳ app/controllers/oauth_controller.rb:20:in `authorize'
Redirected to http://localhost:4003/authorize?state=375e4236626191aa&response_type=code&client_id=oauth-client-1&redirect_uri=http%3A%2F%2Flocalhost%3A4000%2Fcallback
Completed 302 Found in 19ms (ActiveRecord: 4.8ms | Allocations: 2821)


Started GET "/authorize" for ::1 at 2022-10-08 11:21:28 +1100
Processing by OauthController#authorize as */*
  [1m[36mTRANSACTION (0.1ms)[0m  [1m[35mBEGIN[0m
  ↳ app/controllers/oauth_controller.rb:20:in `authorize'
  [1m[36mAuthorizationRequest Exists? (1.4ms)[0m  [1m[34mSELECT 1 AS one FROM "authorization_requests" WHERE "authorization_requests"."state" = $1 LIMIT $2[0m  [["state", "d8a6cfaca58643d8"], ["LIMIT", 1]]
  ↳ app/controllers/oauth_controller.rb:20:in `authorize'
  [1m[36mAuthorizationRequest Create (0.5ms)[0m  [1m[32mINSERT INTO "authorization_requests" ("state", "response_type", "redirect_uri", "created_at", "updated_at") VALUES ($1, $2, $3, $4, $5) RETURNING "id"[0m  [["state", "d8a6cfaca58643d8"], ["response_type", "code"], ["redirect_uri", "http://localhost:4000/callback"], ["created_at", "2022-10-08 00:21:28.160004"], ["updated_at", "2022-10-08 00:21:28.160004"]]
  ↳ app/controllers/oauth_controller.rb:20:in `authorize'
  [1m[36mTRANSACTION (1.0ms)[0m  [1m[35mCOMMIT[0m
  ↳ app/controllers/oauth_controller.rb:20:in `authorize'
Redirected to http://localhost:4003/authorize?state=d8a6cfaca58643d8&response_type=code&client_id=oauth-client-1&redirect_uri=http%3A%2F%2Flocalhost%3A4000%2Fcallback
Completed 302 Found in 12ms (ActiveRecord: 3.0ms | Allocations: 2796)


Started GET "/authorize" for ::1 at 2022-10-08 11:21:49 +1100
Processing by OauthController#authorize as */*
  [1m[36mTRANSACTION (0.2ms)[0m  [1m[35mBEGIN[0m
  ↳ app/controllers/oauth_controller.rb:20:in `authorize'
  [1m[36mAuthorizationRequest Exists? (0.9ms)[0m  [1m[34mSELECT 1 AS one FROM "authorization_requests" WHERE "authorization_requests"."state" = $1 LIMIT $2[0m  [["state", "6b0f063266404467"], ["LIMIT", 1]]
  ↳ app/controllers/oauth_controller.rb:20:in `authorize'
  [1m[36mAuthorizationRequest Create (0.7ms)[0m  [1m[32mINSERT INTO "authorization_requests" ("state", "response_type", "redirect_uri", "created_at", "updated_at") VALUES ($1, $2, $3, $4, $5) RETURNING "id"[0m  [["state", "6b0f063266404467"], ["response_type", "code"], ["redirect_uri", "http://localhost:4000/callback"], ["created_at", "2022-10-08 00:21:49.098509"], ["updated_at", "2022-10-08 00:21:49.098509"]]
  ↳ app/controllers/oauth_controller.rb:20:in `authorize'
  [1m[36mTRANSACTION (1.5ms)[0m  [1m[35mCOMMIT[0m
  ↳ app/controllers/oauth_controller.rb:20:in `authorize'
Redirected to http://localhost:4003/authorize?state=6b0f063266404467&response_type=code&client_id=oauth-client-1&redirect_uri=http%3A%2F%2Flocalhost%3A4000%2Fcallback
Completed 302 Found in 15ms (ActiveRecord: 3.3ms | Allocations: 2796)


