Started GET "/authorize?state=92535d2afce893e7&response_type=code&client_id=oauth-client-1&redirect_uri=http%3A%2F%2Flocalhost%3A4000%2Fcallback" for ::1 at 2022-10-08 11:18:45 +1100
  [1m[36mActiveRecord::SchemaMigration Pluck (1.6ms)[0m  [1m[34mSELECT "schema_migrations"."version" FROM "schema_migrations" ORDER BY "schema_migrations"."version" ASC[0m
Processing by AuthorizationsController#authorize as */*
  Parameters: {"state"=>"92535d2afce893e7", "response_type"=>"code", "client_id"=>"oauth-client-1", "redirect_uri"=>"http://localhost:4000/callback"}
  [1m[36mClient Load (0.7ms)[0m  [1m[34mSELECT "clients".* FROM "clients" WHERE "clients"."client_id" = $1 LIMIT $2[0m  [["client_id", "oauth-client-1"], ["LIMIT", 1]]
  ↳ app/controllers/authorizations_controller.rb:26:in `authorize'
  [1m[36mTRANSACTION (0.1ms)[0m  [1m[35mBEGIN[0m
  ↳ app/controllers/authorizations_controller.rb:55:in `authorize'
  [1m[36mRequest Exists? (0.8ms)[0m  [1m[34mSELECT 1 AS one FROM "requests" WHERE "requests"."reqid" = $1 LIMIT $2[0m  [["reqid", "60b89af1c7d397f8"], ["LIMIT", 1]]
  ↳ app/controllers/authorizations_controller.rb:55:in `authorize'
  [1m[36mRequest Create (0.6ms)[0m  [1m[32mINSERT INTO "requests" ("reqid", "query", "client_id", "scope", "redirect_uri", "created_at", "updated_at") VALUES ($1, $2, $3, $4, $5, $6, $7) RETURNING "id"[0m  [["reqid", "60b89af1c7d397f8"], ["query", "state=92535d2afce893e7&response_type=code&client_id=oauth-client-1&redirect_uri=http%3A%2F%2Flocalhost%3A4000%2Fcallback"], ["client_id", "oauth-client-1"], ["scope", "{}"], ["redirect_uri", "http://localhost:4000/callback"], ["created_at", "2022-10-08 00:18:45.759786"], ["updated_at", "2022-10-08 00:18:45.759786"]]
  ↳ app/controllers/authorizations_controller.rb:55:in `authorize'
  [1m[36mTRANSACTION (0.8ms)[0m  [1m[35mCOMMIT[0m
  ↳ app/controllers/authorizations_controller.rb:55:in `authorize'
  Rendering layout layouts/application.html.erb
  Rendering authorizations/approve.html.erb within layouts/application
  Rendered authorizations/approve.html.erb within layouts/application (Duration: 2.4ms | Allocations: 3284)
  Rendered layouts/_top_nav.html.erb (Duration: 0.1ms | Allocations: 185)
  Rendered layout layouts/application.html.erb (Duration: 8.3ms | Allocations: 14529)
Completed 200 OK in 43ms (Views: 10.1ms | ActiveRecord: 21.8ms | Allocations: 36295)


Started GET "/authorize?state=375e4236626191aa&response_type=code&client_id=oauth-client-1&redirect_uri=http%3A%2F%2Flocalhost%3A4000%2Fcallback" for ::1 at 2022-10-08 11:20:52 +1100
Processing by AuthorizationsController#authorize as */*
  Parameters: {"state"=>"375e4236626191aa", "response_type"=>"code", "client_id"=>"oauth-client-1", "redirect_uri"=>"http://localhost:4000/callback"}
  [1m[36mClient Load (0.2ms)[0m  [1m[34mSELECT "clients".* FROM "clients" WHERE "clients"."client_id" = $1 LIMIT $2[0m  [["client_id", "oauth-client-1"], ["LIMIT", 1]]
  ↳ app/controllers/authorizations_controller.rb:26:in `authorize'
  [1m[36mTRANSACTION (0.1ms)[0m  [1m[35mBEGIN[0m
  ↳ app/controllers/authorizations_controller.rb:55:in `authorize'
  [1m[36mRequest Exists? (0.3ms)[0m  [1m[34mSELECT 1 AS one FROM "requests" WHERE "requests"."reqid" = $1 LIMIT $2[0m  [["reqid", "48a492a2d4ab66f5"], ["LIMIT", 1]]
  ↳ app/controllers/authorizations_controller.rb:55:in `authorize'
  [1m[36mRequest Create (0.3ms)[0m  [1m[32mINSERT INTO "requests" ("reqid", "query", "client_id", "scope", "redirect_uri", "created_at", "updated_at") VALUES ($1, $2, $3, $4, $5, $6, $7) RETURNING "id"[0m  [["reqid", "48a492a2d4ab66f5"], ["query", "state=375e4236626191aa&response_type=code&client_id=oauth-client-1&redirect_uri=http%3A%2F%2Flocalhost%3A4000%2Fcallback"], ["client_id", "oauth-client-1"], ["scope", "{}"], ["redirect_uri", "http://localhost:4000/callback"], ["created_at", "2022-10-08 00:20:52.962544"], ["updated_at", "2022-10-08 00:20:52.962544"]]
  ↳ app/controllers/authorizations_controller.rb:55:in `authorize'
  [1m[36mTRANSACTION (0.3ms)[0m  [1m[35mCOMMIT[0m
  ↳ app/controllers/authorizations_controller.rb:55:in `authorize'
  Rendering layout layouts/application.html.erb
  Rendering authorizations/approve.html.erb within layouts/application
  Rendered authorizations/approve.html.erb within layouts/application (Duration: 0.5ms | Allocations: 1066)
  Rendered layouts/_top_nav.html.erb (Duration: 0.0ms | Allocations: 37)
  Rendered layout layouts/application.html.erb (Duration: 2.3ms | Allocations: 4967)
Completed 200 OK in 22ms (Views: 2.6ms | ActiveRecord: 12.4ms | Allocations: 16761)


Started GET "/authorize?state=d8a6cfaca58643d8&response_type=code&client_id=oauth-client-1&redirect_uri=http%3A%2F%2Flocalhost%3A4000%2Fcallback" for ::1 at 2022-10-08 11:21:28 +1100
Processing by AuthorizationsController#authorize as */*
  Parameters: {"state"=>"d8a6cfaca58643d8", "response_type"=>"code", "client_id"=>"oauth-client-1", "redirect_uri"=>"http://localhost:4000/callback"}
  [1m[36mClient Load (0.5ms)[0m  [1m[34mSELECT "clients".* FROM "clients" WHERE "clients"."client_id" = $1 LIMIT $2[0m  [["client_id", "oauth-client-1"], ["LIMIT", 1]]
  ↳ app/controllers/authorizations_controller.rb:26:in `authorize'
  [1m[36mTRANSACTION (0.1ms)[0m  [1m[35mBEGIN[0m
  ↳ app/controllers/authorizations_controller.rb:55:in `authorize'
  [1m[36mRequest Exists? (0.3ms)[0m  [1m[34mSELECT 1 AS one FROM "requests" WHERE "requests"."reqid" = $1 LIMIT $2[0m  [["reqid", "3f579d9091034fbc"], ["LIMIT", 1]]
  ↳ app/controllers/authorizations_controller.rb:55:in `authorize'
  [1m[36mRequest Create (0.5ms)[0m  [1m[32mINSERT INTO "requests" ("reqid", "query", "client_id", "scope", "redirect_uri", "created_at", "updated_at") VALUES ($1, $2, $3, $4, $5, $6, $7) RETURNING "id"[0m  [["reqid", "3f579d9091034fbc"], ["query", "state=d8a6cfaca58643d8&response_type=code&client_id=oauth-client-1&redirect_uri=http%3A%2F%2Flocalhost%3A4000%2Fcallback"], ["client_id", "oauth-client-1"], ["scope", "{}"], ["redirect_uri", "http://localhost:4000/callback"], ["created_at", "2022-10-08 00:21:28.188579"], ["updated_at", "2022-10-08 00:21:28.188579"]]
  ↳ app/controllers/authorizations_controller.rb:55:in `authorize'
  [1m[36mTRANSACTION (0.6ms)[0m  [1m[35mCOMMIT[0m
  ↳ app/controllers/authorizations_controller.rb:55:in `authorize'
  Rendering layout layouts/application.html.erb
  Rendering authorizations/approve.html.erb within layouts/application
  Rendered authorizations/approve.html.erb within layouts/application (Duration: 1.1ms | Allocations: 975)
  Rendered layouts/_top_nav.html.erb (Duration: 0.0ms | Allocations: 28)
  Rendered layout layouts/application.html.erb (Duration: 2.4ms | Allocations: 2931)
Completed 200 OK in 10ms (Views: 2.8ms | ActiveRecord: 2.0ms | Allocations: 6631)


Started GET "/authorize?state=6b0f063266404467&response_type=code&client_id=oauth-client-1&redirect_uri=http%3A%2F%2Flocalhost%3A4000%2Fcallback" for ::1 at 2022-10-08 11:21:49 +1100
Processing by AuthorizationsController#authorize as */*
  Parameters: {"state"=>"6b0f063266404467", "response_type"=>"code", "client_id"=>"oauth-client-1", "redirect_uri"=>"http://localhost:4000/callback"}
  [1m[36mClient Load (0.4ms)[0m  [1m[34mSELECT "clients".* FROM "clients" WHERE "clients"."client_id" = $1 LIMIT $2[0m  [["client_id", "oauth-client-1"], ["LIMIT", 1]]
  ↳ app/controllers/authorizations_controller.rb:26:in `authorize'
  [1m[36mTRANSACTION (0.1ms)[0m  [1m[35mBEGIN[0m
  ↳ app/controllers/authorizations_controller.rb:55:in `authorize'
  [1m[36mRequest Exists? (0.2ms)[0m  [1m[34mSELECT 1 AS one FROM "requests" WHERE "requests"."reqid" = $1 LIMIT $2[0m  [["reqid", "19560bb6f1164bfb"], ["LIMIT", 1]]
  ↳ app/controllers/authorizations_controller.rb:55:in `authorize'
  [1m[36mRequest Create (0.3ms)[0m  [1m[32mINSERT INTO "requests" ("reqid", "query", "client_id", "scope", "redirect_uri", "created_at", "updated_at") VALUES ($1, $2, $3, $4, $5, $6, $7) RETURNING "id"[0m  [["reqid", "19560bb6f1164bfb"], ["query", "state=6b0f063266404467&response_type=code&client_id=oauth-client-1&redirect_uri=http%3A%2F%2Flocalhost%3A4000%2Fcallback"], ["client_id", "oauth-client-1"], ["scope", "{}"], ["redirect_uri", "http://localhost:4000/callback"], ["created_at", "2022-10-08 00:21:49.124007"], ["updated_at", "2022-10-08 00:21:49.124007"]]
  ↳ app/controllers/authorizations_controller.rb:55:in `authorize'
  [1m[36mTRANSACTION (0.5ms)[0m  [1m[35mCOMMIT[0m
  ↳ app/controllers/authorizations_controller.rb:55:in `authorize'
  Rendering layout layouts/application.html.erb
  Rendering authorizations/approve.html.erb within layouts/application
  Rendered authorizations/approve.html.erb within layouts/application (Duration: 1.0ms | Allocations: 974)
  Rendered layouts/_top_nav.html.erb (Duration: 0.0ms | Allocations: 28)
  Rendered layout layouts/application.html.erb (Duration: 2.5ms | Allocations: 2929)
Completed 200 OK in 8ms (Views: 2.9ms | ActiveRecord: 1.4ms | Allocations: 6376)


Started GET "/authorize?state=6b0f063266404467&response_type=code&client_id=oauth-client-1&redirect_uri=http%3A%2F%2Flocalhost%3A4000%2Fcallback" for ::1 at 2022-10-08 11:21:49 +1100
Processing by AuthorizationsController#authorize as HTML
  Parameters: {"state"=>"6b0f063266404467", "response_type"=>"code", "client_id"=>"oauth-client-1", "redirect_uri"=>"http://localhost:4000/callback"}
  [1m[36mClient Load (0.4ms)[0m  [1m[34mSELECT "clients".* FROM "clients" WHERE "clients"."client_id" = $1 LIMIT $2[0m  [["client_id", "oauth-client-1"], ["LIMIT", 1]]
  ↳ app/controllers/authorizations_controller.rb:26:in `authorize'
  [1m[36mTRANSACTION (0.1ms)[0m  [1m[35mBEGIN[0m
  ↳ app/controllers/authorizations_controller.rb:55:in `authorize'
  [1m[36mRequest Exists? (0.4ms)[0m  [1m[34mSELECT 1 AS one FROM "requests" WHERE "requests"."reqid" = $1 LIMIT $2[0m  [["reqid", "ebfeefbf29e2dd0b"], ["LIMIT", 1]]
  ↳ app/controllers/authorizations_controller.rb:55:in `authorize'
  [1m[36mRequest Create (0.4ms)[0m  [1m[32mINSERT INTO "requests" ("reqid", "query", "client_id", "scope", "redirect_uri", "created_at", "updated_at") VALUES ($1, $2, $3, $4, $5, $6, $7) RETURNING "id"[0m  [["reqid", "ebfeefbf29e2dd0b"], ["query", "state=6b0f063266404467&response_type=code&client_id=oauth-client-1&redirect_uri=http%3A%2F%2Flocalhost%3A4000%2Fcallback"], ["client_id", "oauth-client-1"], ["scope", "{}"], ["redirect_uri", "http://localhost:4000/callback"], ["created_at", "2022-10-08 00:21:49.141666"], ["updated_at", "2022-10-08 00:21:49.141666"]]
  ↳ app/controllers/authorizations_controller.rb:55:in `authorize'
  [1m[36mTRANSACTION (0.3ms)[0m  [1m[35mCOMMIT[0m
  ↳ app/controllers/authorizations_controller.rb:55:in `authorize'
  Rendering layout layouts/application.html.erb
  Rendering authorizations/approve.html.erb within layouts/application
  Rendered authorizations/approve.html.erb within layouts/application (Duration: 0.7ms | Allocations: 1153)
  Rendered layouts/_top_nav.html.erb (Duration: 0.0ms | Allocations: 28)
  Rendered layout layouts/application.html.erb (Duration: 2.8ms | Allocations: 3108)
Completed 200 OK in 8ms (Views: 3.1ms | ActiveRecord: 1.6ms | Allocations: 6550)


